<?xml version="1.0" encoding="UTF-8"?>
<testng-results ignored="0" total="2" passed="2" failed="0" skipped="0">
  <reporter-output>
  </reporter-output>
  <suite started-at="2022-06-19T22:18:32 IST" name="Suite" finished-at="2022-06-19T22:19:15 IST" duration-ms="43623">
    <groups>
    </groups>
    <test started-at="2022-06-19T22:18:32 IST" name="Test" finished-at="2022-06-19T22:19:15 IST" duration-ms="43623">
      <class name="TestCode.LoginTest">
        <test-method signature="fbtest()[pri:0, instance:TestCode.LoginTest@20d28811]" started-at="2022-06-19T22:18:32 IST" name="fbtest" finished-at="2022-06-19T22:18:54 IST" duration-ms="22037" status="PASS">
          <reporter-output>
          </reporter-output>
        </test-method> <!-- fbtest -->
      </class> <!-- TestCode.LoginTest -->
      <class name="TestCode.forgotTest">
        <test-method signature="fbtest()[pri:0, instance:TestCode.forgotTest@4ddced80]" started-at="2022-06-19T22:18:54 IST" name="fbtest" finished-at="2022-06-19T22:19:15 IST" duration-ms="21392" status="PASS">
          <reporter-output>
          </reporter-output>
        </test-method> <!-- fbtest -->
      </class> <!-- TestCode.forgotTest -->
    </test> <!-- Test -->
  </suite> <!-- Suite -->
</testng-results>
