<?xml version="1.0" encoding="UTF-8"?>
<testng-results skipped="0" failed="0" ignored="0" total="2" passed="2">
  <reporter-output>
  </reporter-output>
  <suite name="Suite" duration-ms="84631" started-at="2022-06-19T22:07:50 IST" finished-at="2022-06-19T22:09:15 IST">
    <groups>
    </groups>
    <test name="Test" duration-ms="84631" started-at="2022-06-19T22:07:50 IST" finished-at="2022-06-19T22:09:15 IST">
      <class name="TestCode.LoginTest">
        <test-method status="PASS" signature="fbtest()[pri:0, instance:TestCode.LoginTest@57e1b0c]" name="fbtest" duration-ms="65579" started-at="2022-06-19T22:07:50 IST" finished-at="2022-06-19T22:08:56 IST">
          <reporter-output>
          </reporter-output>
        </test-method> <!-- fbtest -->
      </class> <!-- TestCode.LoginTest -->
      <class name="TestCode.forgotTest">
        <test-method status="PASS" signature="fbtest()[pri:0, instance:TestCode.forgotTest@33c7e1bb]" name="fbtest" duration-ms="18979" started-at="2022-06-19T22:08:56 IST" finished-at="2022-06-19T22:09:15 IST">
          <reporter-output>
          </reporter-output>
        </test-method> <!-- fbtest -->
      </class> <!-- TestCode.forgotTest -->
    </test> <!-- Test -->
  </suite> <!-- Suite -->
</testng-results>
